0 info it worked if it ends with ok
1 verbose cli [ '/usr/local/anyenv/envs/ndenv/versions/v6.7.0/bin/node',
1 verbose cli   '/usr/local/anyenv/envs/ndenv/versions/v6.7.0/bin/npm',
1 verbose cli   'start' ]
2 info using npm@3.10.3
3 info using node@v6.7.0
4 verbose run-script [ 'prestart', 'start', 'poststart' ]
5 info lifecycle tutorial@1.0.0~prestart: tutorial@1.0.0
6 silly lifecycle tutorial@1.0.0~prestart: no script for prestart, continuing
7 info lifecycle tutorial@1.0.0~start: tutorial@1.0.0
8 verbose lifecycle tutorial@1.0.0~start: unsafe-perm in lifecycle true
9 verbose lifecycle tutorial@1.0.0~start: PATH: /usr/local/anyenv/envs/ndenv/versions/v6.7.0/lib/node_modules/npm/bin/node-gyp-bin:/srv/www/react-router-tutorial/lessons/01-setting-up/node_modules/.bin:/usr/local/anyenv/envs/ndenv/versions/v6.7.0/bin:/usr/local/anyenv/envs/ndenv/versions/v6.7.0/bin:/usr/local/anyenv/envs/ndenv/libexec:/usr/local/anyenv/envs/ndenv/plugins/node-build/bin:/home/ubuntu/.anyenv/bin:/home/ubuntu/local/bin:/usr/local/anyenv/envs/plenv/shims:/usr/local/anyenv/envs/plenv/bin:/usr/local/anyenv/envs/ndenv/shims:/usr/local/anyenv/envs/ndenv/bin:/usr/local/anyenv/bin:/usr/local/sbin:/usr/local/bin:/usr/sbin:/usr/bin:/sbin:/bin:/usr/games:/usr/local/games:/snap/bin:/home/ubuntu/.composer/vendor/bin
10 verbose lifecycle tutorial@1.0.0~start: CWD: /srv/www/react-router-tutorial/lessons/01-setting-up
11 silly lifecycle tutorial@1.0.0~start: Args: [ '-c',
11 silly lifecycle   'if-env NODE_ENV=production && npm run start:prod || npm run start:dev' ]
12 silly lifecycle tutorial@1.0.0~start: Returned: code: 1  signal: null
13 info lifecycle tutorial@1.0.0~start: Failed to exec start script
14 verbose stack Error: tutorial@1.0.0 start: `if-env NODE_ENV=production && npm run start:prod || npm run start:dev`
14 verbose stack Exit status 1
14 verbose stack     at EventEmitter.<anonymous> (/usr/local/anyenv/envs/ndenv/versions/v6.7.0/lib/node_modules/npm/lib/utils/lifecycle.js:242:16)
14 verbose stack     at emitTwo (events.js:106:13)
14 verbose stack     at EventEmitter.emit (events.js:191:7)
14 verbose stack     at ChildProcess.<anonymous> (/usr/local/anyenv/envs/ndenv/versions/v6.7.0/lib/node_modules/npm/lib/utils/spawn.js:40:14)
14 verbose stack     at emitTwo (events.js:106:13)
14 verbose stack     at ChildProcess.emit (events.js:191:7)
14 verbose stack     at maybeClose (internal/child_process.js:877:16)
14 verbose stack     at Process.ChildProcess._handle.onexit (internal/child_process.js:226:5)
15 verbose pkgid tutorial@1.0.0
16 verbose cwd /srv/www/react-router-tutorial/lessons/01-setting-up
17 error Linux 4.4.0-45-generic
18 error argv "/usr/local/anyenv/envs/ndenv/versions/v6.7.0/bin/node" "/usr/local/anyenv/envs/ndenv/versions/v6.7.0/bin/npm" "start"
19 error node v6.7.0
20 error npm  v3.10.3
21 error code ELIFECYCLE
22 error tutorial@1.0.0 start: `if-env NODE_ENV=production && npm run start:prod || npm run start:dev`
22 error Exit status 1
23 error Failed at the tutorial@1.0.0 start script 'if-env NODE_ENV=production && npm run start:prod || npm run start:dev'.
23 error Make sure you have the latest version of node.js and npm installed.
23 error If you do, this is most likely a problem with the tutorial package,
23 error not with npm itself.
23 error Tell the author that this fails on your system:
23 error     if-env NODE_ENV=production && npm run start:prod || npm run start:dev
23 error You can get information on how to open an issue for this project with:
23 error     npm bugs tutorial
23 error Or if that isn't available, you can get their info via:
23 error     npm owner ls tutorial
23 error There is likely additional logging output above.
24 verbose exit [ 1, true ]
